#
# A fatal error has been detected by the Java Runtime Environment:
#
#  EXCEPTION_ACCESS_VIOLATION (0xc0000005) at pc=0x00007ff9c8aec940, pid=27760, tid=27604
#
# JRE version: OpenJDK Runtime Environment Temurin-17.0.18+8 (17.0.18+8) (build 17.0.18+8)
# Java VM: OpenJDK 64-Bit Server VM Temurin-17.0.18+8 (17.0.18+8, mixed mode, sharing, tiered, compressed oops, compressed class ptrs, g1 gc, windows-amd64)
# Problematic frame:
# V  [jvm.dll+0xc940]
#
# No core dump will be written. Minidumps are not enabled by default on client versions of Windows
#
# If you would like to submit a bug report, please visit:
#   https://github.com/adoptium/adoptium-support/issues
#

---------------  S U M M A R Y ------------

Command Line: -agentlib:jdwp=transport=dt_socket,server=n,suspend=y,address=localhost:61659 -Djava.library.path=E:\testing\UNC -XX:+ShowCodeDetailsInExceptionMessages Main

Host: AMD Ryzen 5 7600X 6-Core Processor             , 12 cores, 31G,  Windows 11 , 64 bit Build 26100 (10.0.26100.7920)
Time: Sun Mar 29 20:42:02 2026  Windows 11 , 64 bit Build 26100 (10.0.26100.7920) elapsed time: 0.151124 seconds (0d 0h 0m 0s)

---------------  T H R E A D  ---------------

Current thread (0x000001f50d9d5bb0):  JavaThread "main" [_thread_in_vm, id=27604, stack(0x0000004e86000000,0x0000004e86100000)]

Stack: [0x0000004e86000000,0x0000004e86100000],  sp=0x0000004e860feef8,  free space=1019k
Native frames: (J=compiled Java code, j=interpreted, Vv=VM code, C=native code)
V  [jvm.dll+0xc940]

Java frames: (J=compiled Java code, j=interpreted, Vv=VM code)
j  ai.Neuron.predict()D+0
v  ~StubRoutines::call_stub
j  ai.Neuron.motivate(D[DD)V+0
j  Main.main([Ljava/lang/String;)V+57
v  ~StubRoutines::call_stub

siginfo: EXCEPTION_ACCESS_VIOLATION (0xc0000005), reading address 0x0000000000000000


Registers:
RAX=0x0000000000000000, RBX=0x000001f50d9d5bb0, RCX=0x0000000000000000, RDX=0x0000000000000000
RSP=0x0000004e860feef8, RBP=0x0000004e860fefb0, RSI=0x000001f50d9d5e68, RDI=0x0000000000000000
R8 =0x000001f50b601810, R9 =0x000001f57b263e70, R10=0x0000000000000050, R11=0x0000000000000003
R12=0x0000000000000000, R13=0x000001f500401290, R14=0x000001f50b601810, R15=0x00007ffa0c099b6f
RIP=0x00007ff9c8aec940, EFLAGS=0x0000000000010246

XMM[0]=0x0000000000000000 0x0000000000000000
XMM[1]=0xc93345e8468d49f0 0x56107bc1c4168d49
XMM[2]=0x0000000000000000 0x0000000000000000
XMM[3]=0xffffffffffffffff 0x0000000000000004
XMM[4]=0x0000000000000000 0x0000000000000000
XMM[5]=0xd8468b49c8450f4c 0x00000000e87e8149
XMM[6]=0x0000000000000000 0x0000000000000000
XMM[7]=0x0000000000000000 0x0000000000000000
XMM[8]=0x0000000000000000 0x0000000000000000
XMM[9]=0x0000000000000000 0x0000000000000000
XMM[10]=0x0000000000000000 0x0000000000000000
XMM[11]=0x0000000000000000 0x0000000000000000
XMM[12]=0x0000000000000000 0x0000000000000000
XMM[13]=0x0000000000000000 0x0000000000000000
XMM[14]=0x0000000000000000 0x0000000000000000
XMM[15]=0x0000000000000000 0x0000000000000000
  MXCSR=0x00001fb2


Register to memory mapping:

RIP=0x00007ff9c8aec940 jvm.dll
RAX=0x0 is NULL
RBX=0x000001f50d9d5bb0 is a thread
RCX=0x0 is NULL
RDX=0x0 is NULL
RSP=0x0000004e860feef8 is pointing into the stack for thread: 0x000001f50d9d5bb0
RBP=0x0000004e860fefb0 is pointing into the stack for thread: 0x000001f50d9d5bb0
RSI=0x000001f50d9d5e68 points into unknown readable memory: 0x00007ff9c9602820 | 20 28 60 c9 f9 7f 00 00
RDI=0x0 is NULL
R8 =0x000001f50b601810 points into unknown readable memory: 0x000000062d18ed38 | 38 ed 18 2d 06 00 00 00
R9 =0x000001f57b263e70 points into unknown readable memory: 0x000001f50b617fd0 | d0 7f 61 0b f5 01 00 00
R10=0x0000000000000050 is an unknown value
R11=0x0000000000000003 is an unknown value
R12=0x0 is NULL
R13={method} {0x000001f500401298} 'predict' '()D' in 'ai/Neuron'
R14=0x000001f50b601810 points into unknown readable memory: 0x000000062d18ed38 | 38 ed 18 2d 06 00 00 00
R15=0x00007ffa0c099b6f neuron_logic.dll


Top of Stack: (sp=0x0000004e860feef8)
0x0000004e860feef8:   00007ff9c8eccf5a 000001f50d9d5bb0
0x0000004e860fef08:   0000000000000000 0000004e860ff1d0
0x0000004e860fef18:   000001f50d9d5e68 0000004e860ff1d0
0x0000004e860fef28:   00007ffa0c061b3a 000001f50b601820
0x0000004e860fef38:   000001f50d9d5e68 000001f50d9d5e68
0x0000004e860fef48:   0000000000000000 000000062d05fce0
0x0000004e860fef58:   000001f53a421fa0 0000000000000000
0x0000004e860fef68:   0000004e860fefa0 0000004e860feff8
0x0000004e860fef78:   000001f51ca4a23a 00007ffa0c062950
0x0000004e860fef88:   0000000000000000 000000062d18c910
0x0000004e860fef98:   000000062d1906f0 00007ffa0c062950
0x0000004e860fefa8:   0000000000000000 0000004e860fefb0
0x0000004e860fefb8:   000001f53a5d6281 0000004e860ff010
0x0000004e860fefc8:   000001f53a00c1e8 0000000000000000
0x0000004e860fefd8:   000000062d0013f8 000001f53a010610
0x0000004e860fefe8:   0000000000000000 0000004e860ff008
0x0000004e860feff8:   0000004e860ff1f0 000001f51ca410ea
0x0000004e860ff008:   000000062d1906b0 000000062d063478
0x0000004e860ff018:   0000000000000000 0000000000000000
0x0000004e860ff028:   0000000000000000 0000000000000000
0x0000004e860ff038:   0000000000000000 0000000000000000
0x0000004e860ff048:   0000000000000000 000001f50b601818
0x0000004e860ff058:   0000000000000000 0000000000000000
0x0000004e860ff068:   0000000000000000 0000000000000000
0x0000004e860ff078:   0000000000000000 0000000000000000
0x0000004e860ff088:   0000000000000000 0000000000000000
0x0000004e860ff098:   0000000000000000 0000000000000000
0x0000004e860ff0a8:   0000000000000000 0000000000000000
0x0000004e860ff0b8:   0000000000000000 0000000000000000
0x0000004e860ff0c8:   0000000000000000 0000000000000000
0x0000004e860ff0d8:   fffffffffffffffe 0000000000000000
0x0000004e860ff0e8:   0000000000000000 0000000000000000 

Instructions: (pc=0x00007ff9c8aec940)
0x00007ff9c8aec840:   48 08 48 8b 40 50 48 d3 ea 80 3c 02 01 0f 85 d0
0x00007ff9c8aec850:   00 00 00 48 8b 13 0f b6 c2 24 03 3c 03 75 19 48
0x00007ff9c8aec860:   83 e2 fc 74 13 48 3b da 74 11 48 8b c2 48 8b 5c
0x00007ff9c8aec870:   24 38 48 83 c4 20 5e c3 48 8b d3 48 8b 46 38 0f
0x00007ff9c8aec880:   be 88 f1 02 00 00 c1 e9 02 f6 c1 01 74 dc 48 89
0x00007ff9c8aec890:   7c 24 30 e8 a8 e4 ff ff 4c 8b 05 39 72 bb 00 48
0x00007ff9c8aec8a0:   8b f8 49 81 c0 70 09 00 00 41 8b 40 40 0f b6 57
0x00007ff9c8aec8b0:   21 8d 42 01 88 47 21 84 d2 75 0d 48 8b d7 49 8b
0x00007ff9c8aec8c0:   c8 e8 0a 7a 70 00 eb 1f 80 7f 22 00 75 19 41 8b
0x00007ff9c8aec8d0:   48 40 85 0d 84 29 9b 00 74 0d f0 41 ff 48 40 49
0x00007ff9c8aec8e0:   8b c8 e8 29 7a 70 00 48 8b 4e 38 4c 8b c7 48 8b
0x00007ff9c8aec8f0:   d3 e8 0a f8 ff ff 0f b6 4f 21 48 8b d8 48 8b 15
0x00007ff9c8aec900:   d4 71 bb 00 8d 41 ff 88 47 21 80 f9 01 77 0f 48
0x00007ff9c8aec910:   8d 8a 70 09 00 00 48 8b d7 e8 e2 79 70 00 48 8b
0x00007ff9c8aec920:   7c 24 30 48 8b c3 48 8b 5c 24 38 48 83 c4 20 5e
0x00007ff9c8aec930:   c3 cc cc cc cc cc cc cc cc cc cc cc cc cc cc cc
0x00007ff9c8aec940:   48 8b 01 c3 cc cc cc cc cc cc cc cc cc cc cc cc
0x00007ff9c8aec950:   4c 8b 01 4c 8b c9 48 8b 0d b3 f2 b6 00 ba 44 60
0x00007ff9c8aec960:   08 00 e9 e9 f1 ff ff cc cc cc cc cc cc cc cc cc
0x00007ff9c8aec970:   48 89 5c 24 08 57 48 83 ec 20 48 8b 39 48 8b d9
0x00007ff9c8aec980:   48 85 3d 61 e0 bb 00 75 0e 48 8b c7 48 8b 5c 24
0x00007ff9c8aec990:   30 48 83 c4 20 5f c3 48 8b cf e8 21 f0 85 00 48
0x00007ff9c8aec9a0:   8b d0 48 85 c0 74 20 48 8b c7 f0 48 0f b1 13 74
0x00007ff9c8aec9b0:   16 48 85 05 30 e0 bb 00 74 0d 48 8b c8 f0 48 0f
0x00007ff9c8aec9c0:   b1 13 48 3b c1 75 ea 48 8b 5c 24 30 48 8b c2 48
0x00007ff9c8aec9d0:   83 c4 20 5f c3 cc cc cc cc cc cc cc cc cc cc cc
0x00007ff9c8aec9e0:   4c 8b 01 4c 8b c9 48 8b 0d 23 f2 b6 00 ba 64 60
0x00007ff9c8aec9f0:   08 00 e9 59 f1 ff ff cc cc cc cc cc cc cc cc cc
0x00007ff9c8aeca00:   8b 05 02 39 b1 00 c3 cc cc cc cc cc cc cc cc cc
0x00007ff9c8aeca10:   0f b6 05 1e fb b7 00 48 8b d1 84 c0 74 16 44 8b
0x00007ff9c8aeca20:   41 08 8b 0d e0 38 b1 00 49 d3 e0 4c 03 05 ce 38
0x00007ff9c8aeca30:   b1 00 eb 04 4c 8b 41 08 45 8b 48 08 45 85 c9 7e 


Stack slot to memory mapping:
stack at sp + 0 slots: 0x00007ff9c8eccf5a jvm.dll
stack at sp + 1 slots: 0x000001f50d9d5bb0 is a thread
stack at sp + 2 slots: 0x0 is NULL
stack at sp + 3 slots: 0x0000004e860ff1d0 is pointing into the stack for thread: 0x000001f50d9d5bb0
stack at sp + 4 slots: 0x000001f50d9d5e68 points into unknown readable memory: 0x00007ff9c9602820 | 20 28 60 c9 f9 7f 00 00
stack at sp + 5 slots: 0x0000004e860ff1d0 is pointing into the stack for thread: 0x000001f50d9d5bb0
stack at sp + 6 slots: 0x00007ffa0c061b3a neuron_logic.dll
stack at sp + 7 slots: 0x000001f50b601820 points into unknown readable memory: 0x000000062d18f4e0 | e0 f4 18 2d 06 00 00 00


---------------  P R O C E S S  ---------------

Threads class SMR info:
_java_thread_list=0x000001f57b221270, length=15, elements={
0x000001f50d9d5bb0, 0x000001f5373fd3d0, 0x000001f537400f10, 0x000001f57b084070,
0x000001f53740dd30, 0x000001f53740e6f0, 0x000001f57b08a210, 0x000001f57b0ae600,
0x000001f57b0bc520, 0x000001f57b0bfaa0, 0x000001f57b22c090, 0x000001f57b22cd40,
0x000001f57b22d830, 0x000001f57b230030, 0x000001f57b232d00
}

Java Threads: ( => current thread )
=>0x000001f50d9d5bb0 JavaThread "main" [_thread_in_vm, id=27604, stack(0x0000004e86000000,0x0000004e86100000)]
  0x000001f5373fd3d0 JavaThread "Reference Handler" daemon [_thread_blocked, id=19844, stack(0x0000004e86700000,0x0000004e86800000)]
  0x000001f537400f10 JavaThread "Finalizer" daemon [_thread_blocked, id=4604, stack(0x0000004e86800000,0x0000004e86900000)]
  0x000001f57b084070 JavaThread "Signal Dispatcher" daemon [_thread_blocked, id=18724, stack(0x0000004e86900000,0x0000004e86a00000)]
  0x000001f53740dd30 JavaThread "Attach Listener" daemon [_thread_blocked, id=14224, stack(0x0000004e86a00000,0x0000004e86b00000)]
  0x000001f53740e6f0 JavaThread "Service Thread" daemon [_thread_blocked, id=22420, stack(0x0000004e86b00000,0x0000004e86c00000)]
  0x000001f57b08a210 JavaThread "Monitor Deflation Thread" daemon [_thread_blocked, id=968, stack(0x0000004e86c00000,0x0000004e86d00000)]
  0x000001f57b0ae600 JavaThread "C2 CompilerThread0" daemon [_thread_blocked, id=24248, stack(0x0000004e86d00000,0x0000004e86e00000)]
  0x000001f57b0bc520 JavaThread "C1 CompilerThread0" daemon [_thread_blocked, id=9008, stack(0x0000004e86e00000,0x0000004e86f00000)]
  0x000001f57b0bfaa0 JavaThread "Sweeper thread" daemon [_thread_blocked, id=26472, stack(0x0000004e86f00000,0x0000004e87000000)]
  0x000001f57b22c090 JavaThread "JDWP Transport Listener: dt_socket" daemon [_thread_blocked, id=22388, stack(0x0000004e87000000,0x0000004e87100000)]
  0x000001f57b22cd40 JavaThread "JDWP Event Helper Thread" daemon [_thread_blocked, id=28080, stack(0x0000004e87100000,0x0000004e87200000)]
  0x000001f57b22d830 JavaThread "JDWP Command Reader" daemon [_thread_in_native, id=24548, stack(0x0000004e87200000,0x0000004e87300000)]
  0x000001f57b230030 JavaThread "Notification Thread" daemon [_thread_blocked, id=28056, stack(0x0000004e87300000,0x0000004e87400000)]
  0x000001f57b232d00 JavaThread "Common-Cleaner" daemon [_thread_blocked, id=28668, stack(0x0000004e87500000,0x0000004e87600000)]

Other Threads:
  0x000001f57b081c90 VMThread "VM Thread" [stack: 0x0000004e86600000,0x0000004e86700000] [id=22060]
  0x000001f57b2326c0 WatcherThread [stack: 0x0000004e87400000,0x0000004e87500000] [id=19944]
  0x000001f53724e490 GCTaskThread "GC Thread#0" [stack: 0x0000004e86100000,0x0000004e86200000] [id=19556]
  0x000001f50da54b20 ConcurrentGCThread "G1 Main Marker" [stack: 0x0000004e86200000,0x0000004e86300000] [id=9828]
  0x000001f50da55350 ConcurrentGCThread "G1 Conc#0" [stack: 0x0000004e86300000,0x0000004e86400000] [id=15724]
  0x000001f53732c260 ConcurrentGCThread "G1 Refine#0" [stack: 0x0000004e86400000,0x0000004e86500000] [id=8980]
  0x000001f53732db40 ConcurrentGCThread "G1 Service" [stack: 0x0000004e86500000,0x0000004e86600000] [id=21460]

Threads with active compile tasks:

VM state: not at safepoint (normal execution)

VM Mutex/Monitor currently owned by a thread: None

Heap address: 0x000000060e000000, size: 7968 MB, Compressed Oops mode: Zero based, Oop shift amount: 3

CDS archive(s) mapped at: [0x000001f53a000000-0x000001f53abb0000-0x000001f53abb0000), size 12255232, SharedBaseAddress: 0x000001f53a000000, ArchiveRelocationMode: 1.
Compressed class space mapped at: 0x000001f53b000000-0x000001f57b000000, reserved size: 1073741824
Narrow klass base: 0x000001f53a000000, Narrow klass shift: 0, Narrow klass range: 0x100000000

GC Precious Log:
 CPUs: 12 total, 12 available
 Memory: 31863M
 Large Page Support: Disabled
 NUMA Support: Disabled
 Compressed Oops: Enabled (Zero based)
 Heap Region Size: 4M
 Heap Min Capacity: 8M
 Heap Initial Capacity: 500M
 Heap Max Capacity: 7968M
 Pre-touch: Disabled
 Parallel Workers: 10
 Concurrent Workers: 3
 Concurrent Refinement Workers: 10
 Periodic GC: Disabled

Heap:
 garbage-first heap   total 512000K, used 0K [0x000000060e000000, 0x0000000800000000)
  region size 4096K, 1 young (4096K), 0 survivors (0K)
 Metaspace       used 160K, committed 384K, reserved 1114112K
  class space    used 8K, committed 128K, reserved 1048576K

Heap Regions: E=young(eden), S=young(survivor), O=old, HS=humongous(starts), HC=humongous(continues), CS=collection set, F=free, OA=open archive, CA=closed archive, TAMS=top-at-mark-start (previous, next)
|   0|0x000000060e000000, 0x000000060e000000, 0x000000060e400000|  0%| F|  |TAMS 0x000000060e000000, 0x000000060e000000| Untracked 
|   1|0x000000060e400000, 0x000000060e400000, 0x000000060e800000|  0%| F|  |TAMS 0x000000060e400000, 0x000000060e400000| Untracked 
|   2|0x000000060e800000, 0x000000060e800000, 0x000000060ec00000|  0%| F|  |TAMS 0x000000060e800000, 0x000000060e800000| Untracked 
|   3|0x000000060ec00000, 0x000000060ec00000, 0x000000060f000000|  0%| F|  |TAMS 0x000000060ec00000, 0x000000060ec00000| Untracked 
|   4|0x000000060f000000, 0x000000060f000000, 0x000000060f400000|  0%| F|  |TAMS 0x000000060f000000, 0x000000060f000000| Untracked 
|   5|0x000000060f400000, 0x000000060f400000, 0x000000060f800000|  0%| F|  |TAMS 0x000000060f400000, 0x000000060f400000| Untracked 
|   6|0x000000060f800000, 0x000000060f800000, 0x000000060fc00000|  0%| F|  |TAMS 0x000000060f800000, 0x000000060f800000| Untracked 
|   7|0x000000060fc00000, 0x000000060fc00000, 0x0000000610000000|  0%| F|  |TAMS 0x000000060fc00000, 0x000000060fc00000| Untracked 
|   8|0x0000000610000000, 0x0000000610000000, 0x0000000610400000|  0%| F|  |TAMS 0x0000000610000000, 0x0000000610000000| Untracked 
|   9|0x0000000610400000, 0x0000000610400000, 0x0000000610800000|  0%| F|  |TAMS 0x0000000610400000, 0x0000000610400000| Untracked 
|  10|0x0000000610800000, 0x0000000610800000, 0x0000000610c00000|  0%| F|  |TAMS 0x0000000610800000, 0x0000000610800000| Untracked 
|  11|0x0000000610c00000, 0x0000000610c00000, 0x0000000611000000|  0%| F|  |TAMS 0x0000000610c00000, 0x0000000610c00000| Untracked 
|  12|0x0000000611000000, 0x0000000611000000, 0x0000000611400000|  0%| F|  |TAMS 0x0000000611000000, 0x0000000611000000| Untracked 
|  13|0x0000000611400000, 0x0000000611400000, 0x0000000611800000|  0%| F|  |TAMS 0x0000000611400000, 0x0000000611400000| Untracked 
|  14|0x0000000611800000, 0x0000000611800000, 0x0000000611c00000|  0%| F|  |TAMS 0x0000000611800000, 0x0000000611800000| Untracked 
|  15|0x0000000611c00000, 0x0000000611c00000, 0x0000000612000000|  0%| F|  |TAMS 0x0000000611c00000, 0x0000000611c00000| Untracked 
|  16|0x0000000612000000, 0x0000000612000000, 0x0000000612400000|  0%| F|  |TAMS 0x0000000612000000, 0x0000000612000000| Untracked 
|  17|0x0000000612400000, 0x0000000612400000, 0x0000000612800000|  0%| F|  |TAMS 0x0000000612400000, 0x0000000612400000| Untracked 
|  18|0x0000000612800000, 0x0000000612800000, 0x0000000612c00000|  0%| F|  |TAMS 0x0000000612800000, 0x0000000612800000| Untracked 
|  19|0x0000000612c00000, 0x0000000612c00000, 0x0000000613000000|  0%| F|  |TAMS 0x0000000612c00000, 0x0000000612c00000| Untracked 
|  20|0x0000000613000000, 0x0000000613000000, 0x0000000613400000|  0%| F|  |TAMS 0x0000000613000000, 0x0000000613000000| Untracked 
|  21|0x0000000613400000, 0x0000000613400000, 0x0000000613800000|  0%| F|  |TAMS 0x0000000613400000, 0x0000000613400000| Untracked 
|  22|0x0000000613800000, 0x0000000613800000, 0x0000000613c00000|  0%| F|  |TAMS 0x0000000613800000, 0x0000000613800000| Untracked 
|  23|0x0000000613c00000, 0x0000000613c00000, 0x0000000614000000|  0%| F|  |TAMS 0x0000000613c00000, 0x0000000613c00000| Untracked 
|  24|0x0000000614000000, 0x0000000614000000, 0x0000000614400000|  0%| F|  |TAMS 0x0000000614000000, 0x0000000614000000| Untracked 
|  25|0x0000000614400000, 0x0000000614400000, 0x0000000614800000|  0%| F|  |TAMS 0x0000000614400000, 0x0000000614400000| Untracked 
|  26|0x0000000614800000, 0x0000000614800000, 0x0000000614c00000|  0%| F|  |TAMS 0x0000000614800000, 0x0000000614800000| Untracked 
|  27|0x0000000614c00000, 0x0000000614c00000, 0x0000000615000000|  0%| F|  |TAMS 0x0000000614c00000, 0x0000000614c00000| Untracked 
|  28|0x0000000615000000, 0x0000000615000000, 0x0000000615400000|  0%| F|  |TAMS 0x0000000615000000, 0x0000000615000000| Untracked 
|  29|0x0000000615400000, 0x0000000615400000, 0x0000000615800000|  0%| F|  |TAMS 0x0000000615400000, 0x0000000615400000| Untracked 
|  30|0x0000000615800000, 0x0000000615800000, 0x0000000615c00000|  0%| F|  |TAMS 0x0000000615800000, 0x0000000615800000| Untracked 
|  31|0x0000000615c00000, 0x0000000615c00000, 0x0000000616000000|  0%| F|  |TAMS 0x0000000615c00000, 0x0000000615c00000| Untracked 
|  32|0x0000000616000000, 0x0000000616000000, 0x0000000616400000|  0%| F|  |TAMS 0x0000000616000000, 0x0000000616000000| Untracked 
|  33|0x0000000616400000, 0x0000000616400000, 0x0000000616800000|  0%| F|  |TAMS 0x0000000616400000, 0x0000000616400000| Untracked 
|  34|0x0000000616800000, 0x0000000616800000, 0x0000000616c00000|  0%| F|  |TAMS 0x0000000616800000, 0x0000000616800000| Untracked 
|  35|0x0000000616c00000, 0x0000000616c00000, 0x0000000617000000|  0%| F|  |TAMS 0x0000000616c00000, 0x0000000616c00000| Untracked 
|  36|0x0000000617000000, 0x0000000617000000, 0x0000000617400000|  0%| F|  |TAMS 0x0000000617000000, 0x0000000617000000| Untracked 
|  37|0x0000000617400000, 0x0000000617400000, 0x0000000617800000|  0%| F|  |TAMS 0x0000000617400000, 0x0000000617400000| Untracked 
|  38|0x0000000617800000, 0x0000000617800000, 0x0000000617c00000|  0%| F|  |TAMS 0x0000000617800000, 0x0000000617800000| Untracked 
|  39|0x0000000617c00000, 0x0000000617c00000, 0x0000000618000000|  0%| F|  |TAMS 0x0000000617c00000, 0x0000000617c00000| Untracked 
|  40|0x0000000618000000, 0x0000000618000000, 0x0000000618400000|  0%| F|  |TAMS 0x0000000618000000, 0x0000000618000000| Untracked 
|  41|0x0000000618400000, 0x0000000618400000, 0x0000000618800000|  0%| F|  |TAMS 0x0000000618400000, 0x0000000618400000| Untracked 
|  42|0x0000000618800000, 0x0000000618800000, 0x0000000618c00000|  0%| F|  |TAMS 0x0000000618800000, 0x0000000618800000| Untracked 
|  43|0x0000000618c00000, 0x0000000618c00000, 0x0000000619000000|  0%| F|  |TAMS 0x0000000618c00000, 0x0000000618c00000| Untracked 
|  44|0x0000000619000000, 0x0000000619000000, 0x0000000619400000|  0%| F|  |TAMS 0x0000000619000000, 0x0000000619000000| Untracked 
|  45|0x0000000619400000, 0x0000000619400000, 0x0000000619800000|  0%| F|  |TAMS 0x0000000619400000, 0x0000000619400000| Untracked 
|  46|0x0000000619800000, 0x0000000619800000, 0x0000000619c00000|  0%| F|  |TAMS 0x0000000619800000, 0x0000000619800000| Untracked 
|  47|0x0000000619c00000, 0x0000000619c00000, 0x000000061a000000|  0%| F|  |TAMS 0x0000000619c00000, 0x0000000619c00000| Untracked 
|  48|0x000000061a000000, 0x000000061a000000, 0x000000061a400000|  0%| F|  |TAMS 0x000000061a000000, 0x000000061a000000| Untracked 
|  49|0x000000061a400000, 0x000000061a400000, 0x000000061a800000|  0%| F|  |TAMS 0x000000061a400000, 0x000000061a400000| Untracked 
|  50|0x000000061a800000, 0x000000061a800000, 0x000000061ac00000|  0%| F|  |TAMS 0x000000061a800000, 0x000000061a800000| Untracked 
|  51|0x000000061ac00000, 0x000000061ac00000, 0x000000061b000000|  0%| F|  |TAMS 0x000000061ac00000, 0x000000061ac00000| Untracked 
|  52|0x000000061b000000, 0x000000061b000000, 0x000000061b400000|  0%| F|  |TAMS 0x000000061b000000, 0x000000061b000000| Untracked 
|  53|0x000000061b400000, 0x000000061b400000, 0x000000061b800000|  0%| F|  |TAMS 0x000000061b400000, 0x000000061b400000| Untracked 
|  54|0x000000061b800000, 0x000000061b800000, 0x000000061bc00000|  0%| F|  |TAMS 0x000000061b800000, 0x000000061b800000| Untracked 
|  55|0x000000061bc00000, 0x000000061bc00000, 0x000000061c000000|  0%| F|  |TAMS 0x000000061bc00000, 0x000000061bc00000| Untracked 
|  56|0x000000061c000000, 0x000000061c000000, 0x000000061c400000|  0%| F|  |TAMS 0x000000061c000000, 0x000000061c000000| Untracked 
|  57|0x000000061c400000, 0x000000061c400000, 0x000000061c800000|  0%| F|  |TAMS 0x000000061c400000, 0x000000061c400000| Untracked 
|  58|0x000000061c800000, 0x000000061c800000, 0x000000061cc00000|  0%| F|  |TAMS 0x000000061c800000, 0x000000061c800000| Untracked 
|  59|0x000000061cc00000, 0x000000061cc00000, 0x000000061d000000|  0%| F|  |TAMS 0x000000061cc00000, 0x000000061cc00000| Untracked 
|  60|0x000000061d000000, 0x000000061d000000, 0x000000061d400000|  0%| F|  |TAMS 0x000000061d000000, 0x000000061d000000| Untracked 
|  61|0x000000061d400000, 0x000000061d400000, 0x000000061d800000|  0%| F|  |TAMS 0x000000061d400000, 0x000000061d400000| Untracked 
|  62|0x000000061d800000, 0x000000061d800000, 0x000000061dc00000|  0%| F|  |TAMS 0x000000061d800000, 0x000000061d800000| Untracked 
|  63|0x000000061dc00000, 0x000000061dc00000, 0x000000061e000000|  0%| F|  |TAMS 0x000000061dc00000, 0x000000061dc00000| Untracked 
|  64|0x000000061e000000, 0x000000061e000000, 0x000000061e400000|  0%| F|  |TAMS 0x000000061e000000, 0x000000061e000000| Untracked 
|  65|0x000000061e400000, 0x000000061e400000, 0x000000061e800000|  0%| F|  |TAMS 0x000000061e400000, 0x000000061e400000| Untracked 
|  66|0x000000061e800000, 0x000000061e800000, 0x000000061ec00000|  0%| F|  |TAMS 0x000000061e800000, 0x000000061e800000| Untracked 
|  67|0x000000061ec00000, 0x000000061ec00000, 0x000000061f000000|  0%| F|  |TAMS 0x000000061ec00000, 0x000000061ec00000| Untracked 
|  68|0x000000061f000000, 0x000000061f000000, 0x000000061f400000|  0%| F|  |TAMS 0x000000061f000000, 0x000000061f000000| Untracked 
|  69|0x000000061f400000, 0x000000061f400000, 0x000000061f800000|  0%| F|  |TAMS 0x000000061f400000, 0x000000061f400000| Untracked 
|  70|0x000000061f800000, 0x000000061f800000, 0x000000061fc00000|  0%| F|  |TAMS 0x000000061f800000, 0x000000061f800000| Untracked 
|  71|0x000000061fc00000, 0x000000061fc00000, 0x0000000620000000|  0%| F|  |TAMS 0x000000061fc00000, 0x000000061fc00000| Untracked 
|  72|0x0000000620000000, 0x0000000620000000, 0x0000000620400000|  0%| F|  |TAMS 0x0000000620000000, 0x0000000620000000| Untracked 
|  73|0x0000000620400000, 0x0000000620400000, 0x0000000620800000|  0%| F|  |TAMS 0x0000000620400000, 0x0000000620400000| Untracked 
|  74|0x0000000620800000, 0x0000000620800000, 0x0000000620c00000|  0%| F|  |TAMS 0x0000000620800000, 0x0000000620800000| Untracked 
|  75|0x0000000620c00000, 0x0000000620c00000, 0x0000000621000000|  0%| F|  |TAMS 0x0000000620c00000, 0x0000000620c00000| Untracked 
|  76|0x0000000621000000, 0x0000000621000000, 0x0000000621400000|  0%| F|  |TAMS 0x0000000621000000, 0x0000000621000000| Untracked 
|  77|0x0000000621400000, 0x0000000621400000, 0x0000000621800000|  0%| F|  |TAMS 0x0000000621400000, 0x0000000621400000| Untracked 
|  78|0x0000000621800000, 0x0000000621800000, 0x0000000621c00000|  0%| F|  |TAMS 0x0000000621800000, 0x0000000621800000| Untracked 
|  79|0x0000000621c00000, 0x0000000621c00000, 0x0000000622000000|  0%| F|  |TAMS 0x0000000621c00000, 0x0000000621c00000| Untracked 
|  80|0x0000000622000000, 0x0000000622000000, 0x0000000622400000|  0%| F|  |TAMS 0x0000000622000000, 0x0000000622000000| Untracked 
|  81|0x0000000622400000, 0x0000000622400000, 0x0000000622800000|  0%| F|  |TAMS 0x0000000622400000, 0x0000000622400000| Untracked 
|  82|0x0000000622800000, 0x0000000622800000, 0x0000000622c00000|  0%| F|  |TAMS 0x0000000622800000, 0x0000000622800000| Untracked 
|  83|0x0000000622c00000, 0x0000000622c00000, 0x0000000623000000|  0%| F|  |TAMS 0x0000000622c00000, 0x0000000622c00000| Untracked 
|  84|0x0000000623000000, 0x0000000623000000, 0x0000000623400000|  0%| F|  |TAMS 0x0000000623000000, 0x0000000623000000| Untracked 
|  85|0x0000000623400000, 0x0000000623400000, 0x0000000623800000|  0%| F|  |TAMS 0x0000000623400000, 0x0000000623400000| Untracked 
|  86|0x0000000623800000, 0x0000000623800000, 0x0000000623c00000|  0%| F|  |TAMS 0x0000000623800000, 0x0000000623800000| Untracked 
|  87|0x0000000623c00000, 0x0000000623c00000, 0x0000000624000000|  0%| F|  |TAMS 0x0000000623c00000, 0x0000000623c00000| Untracked 
|  88|0x0000000624000000, 0x0000000624000000, 0x0000000624400000|  0%| F|  |TAMS 0x0000000624000000, 0x0000000624000000| Untracked 
|  89|0x0000000624400000, 0x0000000624400000, 0x0000000624800000|  0%| F|  |TAMS 0x0000000624400000, 0x0000000624400000| Untracked 
|  90|0x0000000624800000, 0x0000000624800000, 0x0000000624c00000|  0%| F|  |TAMS 0x0000000624800000, 0x0000000624800000| Untracked 
|  91|0x0000000624c00000, 0x0000000624c00000, 0x0000000625000000|  0%| F|  |TAMS 0x0000000624c00000, 0x0000000624c00000| Untracked 
|  92|0x0000000625000000, 0x0000000625000000, 0x0000000625400000|  0%| F|  |TAMS 0x0000000625000000, 0x0000000625000000| Untracked 
|  93|0x0000000625400000, 0x0000000625400000, 0x0000000625800000|  0%| F|  |TAMS 0x0000000625400000, 0x0000000625400000| Untracked 
|  94|0x0000000625800000, 0x0000000625800000, 0x0000000625c00000|  0%| F|  |TAMS 0x0000000625800000, 0x0000000625800000| Untracked 
|  95|0x0000000625c00000, 0x0000000625c00000, 0x0000000626000000|  0%| F|  |TAMS 0x0000000625c00000, 0x0000000625c00000| Untracked 
|  96|0x0000000626000000, 0x0000000626000000, 0x0000000626400000|  0%| F|  |TAMS 0x0000000626000000, 0x0000000626000000| Untracked 
|  97|0x0000000626400000, 0x0000000626400000, 0x0000000626800000|  0%| F|  |TAMS 0x0000000626400000, 0x0000000626400000| Untracked 
|  98|0x0000000626800000, 0x0000000626800000, 0x0000000626c00000|  0%| F|  |TAMS 0x0000000626800000, 0x0000000626800000| Untracked 
|  99|0x0000000626c00000, 0x0000000626c00000, 0x0000000627000000|  0%| F|  |TAMS 0x0000000626c00000, 0x0000000626c00000| Untracked 
| 100|0x0000000627000000, 0x0000000627000000, 0x0000000627400000|  0%| F|  |TAMS 0x0000000627000000, 0x0000000627000000| Untracked 
| 101|0x0000000627400000, 0x0000000627400000, 0x0000000627800000|  0%| F|  |TAMS 0x0000000627400000, 0x0000000627400000| Untracked 
| 102|0x0000000627800000, 0x0000000627800000, 0x0000000627c00000|  0%| F|  |TAMS 0x0000000627800000, 0x0000000627800000| Untracked 
| 103|0x0000000627c00000, 0x0000000627c00000, 0x0000000628000000|  0%| F|  |TAMS 0x0000000627c00000, 0x0000000627c00000| Untracked 
| 104|0x0000000628000000, 0x0000000628000000, 0x0000000628400000|  0%| F|  |TAMS 0x0000000628000000, 0x0000000628000000| Untracked 
| 105|0x0000000628400000, 0x0000000628400000, 0x0000000628800000|  0%| F|  |TAMS 0x0000000628400000, 0x0000000628400000| Untracked 
| 106|0x0000000628800000, 0x0000000628800000, 0x0000000628c00000|  0%| F|  |TAMS 0x0000000628800000, 0x0000000628800000| Untracked 
| 107|0x0000000628c00000, 0x0000000628c00000, 0x0000000629000000|  0%| F|  |TAMS 0x0000000628c00000, 0x0000000628c00000| Untracked 
| 108|0x0000000629000000, 0x0000000629000000, 0x0000000629400000|  0%| F|  |TAMS 0x0000000629000000, 0x0000000629000000| Untracked 
| 109|0x0000000629400000, 0x0000000629400000, 0x0000000629800000|  0%| F|  |TAMS 0x0000000629400000, 0x0000000629400000| Untracked 
| 110|0x0000000629800000, 0x0000000629800000, 0x0000000629c00000|  0%| F|  |TAMS 0x0000000629800000, 0x0000000629800000| Untracked 
| 111|0x0000000629c00000, 0x0000000629c00000, 0x000000062a000000|  0%| F|  |TAMS 0x0000000629c00000, 0x0000000629c00000| Untracked 
| 112|0x000000062a000000, 0x000000062a000000, 0x000000062a400000|  0%| F|  |TAMS 0x000000062a000000, 0x000000062a000000| Untracked 
| 113|0x000000062a400000, 0x000000062a400000, 0x000000062a800000|  0%| F|  |TAMS 0x000000062a400000, 0x000000062a400000| Untracked 
| 114|0x000000062a800000, 0x000000062a800000, 0x000000062ac00000|  0%| F|  |TAMS 0x000000062a800000, 0x000000062a800000| Untracked 
| 115|0x000000062ac00000, 0x000000062ac00000, 0x000000062b000000|  0%| F|  |TAMS 0x000000062ac00000, 0x000000062ac00000| Untracked 
| 116|0x000000062b000000, 0x000000062b000000, 0x000000062b400000|  0%| F|  |TAMS 0x000000062b000000, 0x000000062b000000| Untracked 
| 117|0x000000062b400000, 0x000000062b400000, 0x000000062b800000|  0%| F|  |TAMS 0x000000062b400000, 0x000000062b400000| Untracked 
| 118|0x000000062b800000, 0x000000062b800000, 0x000000062bc00000|  0%| F|  |TAMS 0x000000062b800000, 0x000000062b800000| Untracked 
| 119|0x000000062bc00000, 0x000000062bc00000, 0x000000062c000000|  0%| F|  |TAMS 0x000000062bc00000, 0x000000062bc00000| Untracked 
| 120|0x000000062c000000, 0x000000062c000000, 0x000000062c400000|  0%| F|  |TAMS 0x000000062c000000, 0x000000062c000000| Untracked 
| 121|0x000000062c400000, 0x000000062c400000, 0x000000062c800000|  0%| F|  |TAMS 0x000000062c400000, 0x000000062c400000| Untracked 
| 122|0x000000062c800000, 0x000000062c800000, 0x000000062cc00000|  0%| F|  |TAMS 0x000000062c800000, 0x000000062c800000| Untracked 
| 123|0x000000062cc00000, 0x000000062cc00000, 0x000000062d000000|  0%| F|  |TAMS 0x000000062cc00000, 0x000000062cc00000| Untracked 
| 124|0x000000062d000000, 0x000000062d266780, 0x000000062d400000| 60%| E|  |TAMS 0x000000062d000000, 0x000000062d000000| Complete 

Card table byte_map: [0x000001f5259f0000,0x000001f526980000] _byte_map_base: 0x000001f522980000

Marking Bits (Prev, Next): (CMBitMap*) 0x000001f53724e8c0, (CMBitMap*) 0x000001f53724e900
 Prev Bits: [0x000001f527910000, 0x000001f52f590000)
 Next Bits: [0x000001f52f590000, 0x000001f537210000)

Polling page: 0x000001f50bad0000

Metaspace:

Usage:
  Non-class:    151.59 KB used.
      Class:      8.48 KB used.
       Both:    160.07 KB used.

Virtual space:
  Non-class space:       64.00 MB reserved,     256.00 KB ( <1%) committed,  1 nodes.
      Class space:        1.00 GB reserved,     128.00 KB ( <1%) committed,  1 nodes.
             Both:        1.06 GB reserved,     384.00 KB ( <1%) committed. 

Chunk freelists:
   Non-Class:  11.99 MB
       Class:  15.75 MB
        Both:  27.74 MB

MaxMetaspaceSize: unlimited
CompressedClassSpaceSize: 1.00 GB
Initial GC threshold: 21.00 MB
Current GC threshold: 21.00 MB
CDS: on
MetaspaceReclaimPolicy: balanced
 - commit_granule_bytes: 65536.
 - commit_granule_words: 8192.
 - virtual_space_node_default_size: 8388608.
 - enlarge_chunks_in_place: 1.
 - new_chunks_are_fully_committed: 0.
 - uncommit_free_chunks: 1.
 - use_allocation_guard: 0.
 - handle_deallocations: 1.


Internal statistics:

num_allocs_failed_limit: 0.
num_arena_births: 4.
num_arena_deaths: 0.
num_vsnodes_births: 2.
num_vsnodes_deaths: 0.
num_space_committed: 6.
num_space_uncommitted: 0.
num_chunks_returned_to_freelist: 0.
num_chunks_taken_from_freelist: 6.
num_chunk_merges: 0.
num_chunk_splits: 4.
num_chunks_enlarged: 1.
num_inconsistent_stats: 0.

CodeHeap 'non-profiled nmethods': size=120000Kb used=17Kb max_used=17Kb free=119982Kb
 bounds [0x000001f51cfe0000, 0x000001f51d250000, 0x000001f524510000]
CodeHeap 'profiled nmethods': size=120000Kb used=73Kb max_used=73Kb free=119926Kb
 bounds [0x000001f515510000, 0x000001f515780000, 0x000001f51ca40000]
CodeHeap 'non-nmethods': size=5760Kb used=1121Kb max_used=1128Kb free=4638Kb
 bounds [0x000001f51ca40000, 0x000001f51ccb0000, 0x000001f51cfe0000]
 total_blobs=360 nmethods=63 adapters=210
 compilation: enabled
              stopped_count=0, restarted_count=0
 full_count=0

Compilation events (20 events):
Event: 0.021 Thread 0x000001f57b0bc520   45       1       java.lang.module.ModuleDescriptor::isAutomatic (5 bytes)
Event: 0.021 Thread 0x000001f57b0bc520 nmethod 45 0x000001f51cfe3690 code [0x000001f51cfe3820, 0x000001f51cfe38f8]
Event: 0.021 Thread 0x000001f57b0bc520   57       1       java.util.ImmutableCollections$Set12::isEmpty (2 bytes)
Event: 0.021 Thread 0x000001f57b0bc520 nmethod 57 0x000001f51cfe3990 code [0x000001f51cfe3b20, 0x000001f51cfe3bf8]
Event: 0.021 Thread 0x000001f57b0bc520   55       1       java.lang.module.ResolvedModule::configuration (5 bytes)
Event: 0.021 Thread 0x000001f57b0bc520 nmethod 55 0x000001f51cfe3c90 code [0x000001f51cfe3e20, 0x000001f51cfe3ef8]
Event: 0.021 Thread 0x000001f57b0bc520   54       1       java.lang.module.ModuleDescriptor$Exports::targets (5 bytes)
Event: 0.021 Thread 0x000001f57b0bc520 nmethod 54 0x000001f51cfe3f90 code [0x000001f51cfe4120, 0x000001f51cfe41f8]
Event: 0.036 Thread 0x000001f57b0bc520   58       3       java.lang.String::isEmpty (14 bytes)
Event: 0.036 Thread 0x000001f57b0bc520 nmethod 58 0x000001f515521190 code [0x000001f515521320, 0x000001f515521498]
Event: 0.036 Thread 0x000001f57b0ae600   59       4       java.lang.StringLatin1::hashCode (42 bytes)
Event: 0.036 Thread 0x000001f57b0bc520   60       3       java.lang.AbstractStringBuilder::ensureCapacityInternal (39 bytes)
Event: 0.036 Thread 0x000001f57b0bc520 nmethod 60 0x000001f515521590 code [0x000001f515521740, 0x000001f515521978]
Event: 0.036 Thread 0x000001f57b0bc520   61       3       java.lang.StringLatin1::canEncode (13 bytes)
Event: 0.036 Thread 0x000001f57b0bc520 nmethod 61 0x000001f515521a90 code [0x000001f515521c20, 0x000001f515521d58]
Event: 0.036 Thread 0x000001f57b0bc520   62       3       java.lang.AbstractStringBuilder::isLatin1 (19 bytes)
Event: 0.036 Thread 0x000001f57b0bc520 nmethod 62 0x000001f515521e10 code [0x000001f515521fa0, 0x000001f515522118]
Event: 0.037 Thread 0x000001f57b0bc520   63       3       java.lang.Math::min (11 bytes)
Event: 0.037 Thread 0x000001f57b0bc520 nmethod 63 0x000001f515522190 code [0x000001f515522320, 0x000001f515522458]
Event: 0.037 Thread 0x000001f57b0ae600 nmethod 59 0x000001f51cfe4290 code [0x000001f51cfe4420, 0x000001f51cfe45b8]

GC Heap History (0 events):
No events

Dll operation events (3 events):
Event: 0.005 Loaded shared library E:\Eclipse Adoptium\jdk-17.0.18.8-hotspot\bin\java.dll
Event: 0.011 Loaded shared library E:\Eclipse Adoptium\jdk-17.0.18.8-hotspot\bin\jsvml.dll
Event: 0.039 Loaded shared library E:\testing\UNC\neuron_logic.dll

Deoptimization events (0 events):
No events

Classes loaded (18 events):
Event: 0.014 Loading class sun/nio/cs/MS1251
Event: 0.014 Loading class sun/nio/cs/MS1251 done
Event: 0.014 Loading class sun/nio/cs/MS1251$Holder
Event: 0.014 Loading class sun/nio/cs/MS1251$Holder done
Event: 0.015 Loading class sun/nio/cs/IBM866
Event: 0.015 Loading class sun/nio/cs/IBM866 done
Event: 0.015 Loading class sun/nio/cs/IBM866$Holder
Event: 0.015 Loading class sun/nio/cs/IBM866$Holder done
Event: 0.020 Loading class jdk/internal/vm/VMSupport
Event: 0.020 Loading class jdk/internal/vm/VMSupport done
Event: 0.036 Loading class jdk/internal/vm/PostVMInitHook
Event: 0.036 Loading class jdk/internal/vm/PostVMInitHook done
Event: 0.036 Loading class jdk/internal/loader/URLClassPath$FileLoader
Event: 0.036 Loading class jdk/internal/loader/URLClassPath$FileLoader done
Event: 0.037 Loading class jdk/internal/loader/URLClassPath$FileLoader$1
Event: 0.037 Loading class jdk/internal/loader/URLClassPath$FileLoader$1 done
Event: 0.040 Loading class java/lang/Math$RandomNumberGeneratorHolder
Event: 0.040 Loading class java/lang/Math$RandomNumberGeneratorHolder done

Classes unloaded (0 events):
No events

Classes redefined (0 events):
No events

Internal exceptions (0 events):
No events

VM Operations (2 events):
Event: 0.024 Executing VM operation: ChangeBreakpoints
Event: 0.025 Executing VM operation: ChangeBreakpoints done

Memory protections (0 events):
No events

Nmethod flushes (0 events):
No events

Events (15 events):
Event: 0.011 Thread 0x000001f50d9d5bb0 Thread added: 0x000001f50d9d5bb0
Event: 0.012 Thread 0x000001f50d9d5bb0 Thread added: 0x000001f5373fd3d0
Event: 0.012 Thread 0x000001f50d9d5bb0 Thread added: 0x000001f537400f10
Event: 0.015 Thread 0x000001f50d9d5bb0 Thread added: 0x000001f57b084070
Event: 0.015 Thread 0x000001f50d9d5bb0 Thread added: 0x000001f53740dd30
Event: 0.015 Thread 0x000001f50d9d5bb0 Thread added: 0x000001f53740e6f0
Event: 0.015 Thread 0x000001f50d9d5bb0 Thread added: 0x000001f57b08a210
Event: 0.015 Thread 0x000001f50d9d5bb0 Thread added: 0x000001f57b0ae600
Event: 0.015 Thread 0x000001f50d9d5bb0 Thread added: 0x000001f57b0bc520
Event: 0.015 Thread 0x000001f50d9d5bb0 Thread added: 0x000001f57b0bfaa0
Event: 0.024 Thread 0x000001f50d9d5bb0 Thread added: 0x000001f57b22c090
Event: 0.024 Thread 0x000001f50d9d5bb0 Thread added: 0x000001f57b22cd40
Event: 0.024 Thread 0x000001f57b22c090 Thread added: 0x000001f57b22d830
Event: 0.036 Thread 0x000001f50d9d5bb0 Thread added: 0x000001f57b230030
Event: 0.037 Thread 0x000001f50d9d5bb0 Thread added: 0x000001f57b232d00


Dynamic libraries:
0x00007ff78a760000 - 0x00007ff78a76e000 	E:\Eclipse Adoptium\jdk-17.0.18.8-hotspot\bin\java.exe
0x00007ffa6f380000 - 0x00007ffa6f5e7000 	C:\WINDOWS\SYSTEM32\ntdll.dll
0x00007ffa6e1e0000 - 0x00007ffa6e2a9000 	C:\WINDOWS\System32\KERNEL32.DLL
0x00007ffa6cd20000 - 0x00007ffa6d111000 	C:\WINDOWS\System32\KERNELBASE.dll
0x00007ffa6ca60000 - 0x00007ffa6cbab000 	C:\WINDOWS\System32\ucrtbase.dll
0x00007ffa0eff0000 - 0x00007ffa0f00e000 	E:\Eclipse Adoptium\jdk-17.0.18.8-hotspot\bin\VCRUNTIME140.dll
0x00007ffa0e9f0000 - 0x00007ffa0ea08000 	E:\Eclipse Adoptium\jdk-17.0.18.8-hotspot\bin\jli.dll
0x00007ffa6da10000 - 0x00007ffa6dbd5000 	C:\WINDOWS\System32\USER32.dll
0x00007ffa6bcf0000 - 0x00007ffa6bd17000 	C:\WINDOWS\System32\win32u.dll
0x00007ffa6ef40000 - 0x00007ffa6ef6b000 	C:\WINDOWS\System32\GDI32.dll
0x00007ffa55210000 - 0x00007ffa554a3000 	C:\WINDOWS\WinSxS\amd64_microsoft.windows.common-controls_6595b64144ccf1df_6.0.26100.8037_none_3e092faae333b53b\COMCTL32.dll
0x00007ffa6bf40000 - 0x00007ffa6c06b000 	C:\WINDOWS\System32\gdi32full.dll
0x00007ffa6d960000 - 0x00007ffa6da09000 	C:\WINDOWS\System32\msvcrt.dll
0x00007ffa6be90000 - 0x00007ffa6bf33000 	C:\WINDOWS\System32\msvcp_win.dll
0x00007ffa6dbe0000 - 0x00007ffa6dc11000 	C:\WINDOWS\System32\IMM32.DLL
0x000000006ac00000 - 0x000000006ac0d000 	C:\Program Files (x86)\360\Total Security\safemon\SafeWrapper.dll
0x00007ffa6f0e0000 - 0x00007ffa6f19b000 	C:\WINDOWS\System32\ADVAPI32.dll
0x00007ffa6e040000 - 0x00007ffa6e0e7000 	C:\WINDOWS\System32\sechost.dll
0x00007ffa6f220000 - 0x00007ffa6f338000 	C:\WINDOWS\System32\RPCRT4.dll
0x00007ffa674b0000 - 0x00007ffa675b5000 	C:\Program Files (x86)\360\Total Security\safemon\libzdtp64.dll
0x00007ffa6e760000 - 0x00007ffa6eebf000 	C:\WINDOWS\System32\SHELL32.dll
0x00007ffa6cbb0000 - 0x00007ffa6cd1a000 	C:\WINDOWS\System32\wintypes.dll
0x00007ffa6e350000 - 0x00007ffa6e6d2000 	C:\WINDOWS\System32\combase.dll
0x00007ffa6eed0000 - 0x00007ffa6ef37000 	C:\WINDOWS\System32\SHLWAPI.dll
0x00007ffa6c1f0000 - 0x00007ffa6ca54000 	C:\WINDOWS\System32\Windows.Storage.dll
0x00007ffa6b580000 - 0x00007ffa6b58b000 	C:\WINDOWS\SYSTEM32\VERSION.dll
0x00007ffa538b0000 - 0x00007ffa538bc000 	E:\Eclipse Adoptium\jdk-17.0.18.8-hotspot\bin\vcruntime140_1.dll
0x00007ffa09bd0000 - 0x00007ffa09c5d000 	E:\Eclipse Adoptium\jdk-17.0.18.8-hotspot\bin\msvcp140.dll
0x00007ff9c8ae0000 - 0x00007ff9c974b000 	E:\Eclipse Adoptium\jdk-17.0.18.8-hotspot\bin\server\jvm.dll
0x00007ffa6e6e0000 - 0x00007ffa6e754000 	C:\WINDOWS\System32\WS2_32.dll
0x00007ffa6bac0000 - 0x00007ffa6bb1e000 	C:\WINDOWS\SYSTEM32\POWRPROF.dll
0x00007ffa62050000 - 0x00007ffa62085000 	C:\WINDOWS\SYSTEM32\WINMM.dll
0x00007ffa6baa0000 - 0x00007ffa6bab4000 	C:\WINDOWS\SYSTEM32\UMPDC.dll
0x00007ffa6a940000 - 0x00007ffa6a95b000 	C:\WINDOWS\SYSTEM32\kernel.appcore.dll
0x00007ffa1dc10000 - 0x00007ffa1dc1a000 	E:\Eclipse Adoptium\jdk-17.0.18.8-hotspot\bin\jimage.dll
0x00007ffa60580000 - 0x00007ffa607c2000 	C:\WINDOWS\SYSTEM32\DBGHELP.DLL
0x00007ffa6e100000 - 0x00007ffa6e1d7000 	C:\WINDOWS\System32\OLEAUT32.dll
0x00007ffa67280000 - 0x00007ffa672bb000 	C:\WINDOWS\SYSTEM32\dbgcore.DLL
0x00007ffa6bd20000 - 0x00007ffa6bdc5000 	C:\WINDOWS\System32\bcryptPrimitives.dll
0x00007ffa0d3b0000 - 0x00007ffa0d3eb000 	E:\Eclipse Adoptium\jdk-17.0.18.8-hotspot\bin\jdwp.dll
0x00007ffa0e8a0000 - 0x00007ffa0e8c5000 	E:\Eclipse Adoptium\jdk-17.0.18.8-hotspot\bin\java.dll
0x00007ff9e7c20000 - 0x00007ff9e7cf7000 	E:\Eclipse Adoptium\jdk-17.0.18.8-hotspot\bin\jsvml.dll
0x00007ffa6df40000 - 0x00007ffa6e037000 	C:\WINDOWS\System32\SHCORE.dll
0x00007ffa6bb80000 - 0x00007ffa6bba9000 	C:\WINDOWS\SYSTEM32\profapi.dll
0x00007ffa12260000 - 0x00007ffa1226c000 	E:\Eclipse Adoptium\jdk-17.0.18.8-hotspot\bin\dt_socket.dll
0x00007ffa6a330000 - 0x00007ffa6a363000 	C:\WINDOWS\SYSTEM32\IPHLPAPI.DLL
0x00007ffa6ae90000 - 0x00007ffa6aefb000 	C:\WINDOWS\system32\mswsock.dll
0x00007ffa6a3c0000 - 0x00007ffa6a4ea000 	C:\WINDOWS\SYSTEM32\DNSAPI.dll
0x00007ffa6e2b0000 - 0x00007ffa6e2ba000 	C:\WINDOWS\System32\NSI.dll
0x00007ffa61a80000 - 0x00007ffa61a8b000 	C:\Windows\System32\rasadhlp.dll
0x00007ffa61650000 - 0x00007ffa616d6000 	C:\WINDOWS\System32\fwpuclnt.dll
0x00007ffa0c060000 - 0x00007ffa0c0b1000 	E:\testing\UNC\neuron_logic.dll
0x00007ff9c7970000 - 0x00007ff9c8ad1000 	C:\Program Files\AMD\ROCm\7.1\bin\amdhip64_7.dll
0x00007ffa6d3c0000 - 0x00007ffa6d847000 	C:\WINDOWS\System32\SETUPAPI.dll
0x00007ffa697b0000 - 0x00007ffa697f3000 	C:\WINDOWS\SYSTEM32\dxcore.dll
0x00007ffa69970000 - 0x00007ffa6999e000 	C:\WINDOWS\SYSTEM32\dwmapi.dll
0x00007ffa6b750000 - 0x00007ffa6b77d000 	C:\WINDOWS\SYSTEM32\DEVOBJ.dll
0x00007ffa6b780000 - 0x00007ffa6b7d7000 	C:\WINDOWS\SYSTEM32\cfgmgr32.dll
0x00007ffa6bc60000 - 0x00007ffa6bce1000 	C:\WINDOWS\System32\WINTRUST.dll
0x00007ffa6c070000 - 0x00007ffa6c1e7000 	C:\WINDOWS\System32\CRYPT32.dll
0x00007ffa6b2f0000 - 0x00007ffa6b303000 	C:\WINDOWS\SYSTEM32\MSASN1.dll
0x00007ff99d730000 - 0x00007ff9a45b8000 	C:\Program Files\AMD\ROCm\7.1\bin\amd_comgr_3.dll
0x00007ffa6b290000 - 0x00007ffa6b2ab000 	C:\WINDOWS\SYSTEM32\CRYPTSP.dll
0x00007ffa6a8a0000 - 0x00007ffa6a8d9000 	C:\WINDOWS\system32\rsaenh.dll
0x00007ffa6b0f0000 - 0x00007ffa6b0fc000 	C:\WINDOWS\SYSTEM32\CRYPTBASE.dll
0x00007ffa6dc80000 - 0x00007ffa6de15000 	C:\WINDOWS\System32\ole32.dll

dbghelp: loaded successfully - version: 4.0.5 - missing functions: none
symbol engine: initialized successfully - sym options: 0x614 - pdb path: .;E:\Eclipse Adoptium\jdk-17.0.18.8-hotspot\bin;C:\WINDOWS\SYSTEM32;C:\WINDOWS\WinSxS\amd64_microsoft.windows.common-controls_6595b64144ccf1df_6.0.26100.8037_none_3e092faae333b53b;C:\Program Files (x86)\360\Total Security\safemon;E:\Eclipse Adoptium\jdk-17.0.18.8-hotspot\bin\server;E:\testing\UNC;C:\Program Files\AMD\ROCm\7.1\bin

VM Arguments:
jvm_args: -agentlib:jdwp=transport=dt_socket,server=n,suspend=y,address=localhost:61659 -Djava.library.path=E:\testing\UNC -XX:+ShowCodeDetailsInExceptionMessages 
java_command: Main
java_class_path (initial): C:\Users\dark2\AppData\Roaming\Code\User\workspaceStorage\40f9295cdaff6dd3ae6392a15b43fe0c\redhat.java\jdt_ws\UNC_4d5a7dd1\bin
Launcher Type: SUN_STANDARD

[Global flags]
     intx CICompilerCount                          = 4                                         {product} {ergonomic}
     uint ConcGCThreads                            = 3                                         {product} {ergonomic}
     uint G1ConcRefinementThreads                  = 10                                        {product} {ergonomic}
   size_t G1HeapRegionSize                         = 4194304                                   {product} {ergonomic}
    uintx GCDrainStackTargetSize                   = 64                                        {product} {ergonomic}
   size_t InitialHeapSize                          = 524288000                                 {product} {ergonomic}
   size_t MarkStackSize                            = 4194304                                   {product} {ergonomic}
   size_t MaxHeapSize                              = 8355053568                                {product} {ergonomic}
   size_t MaxNewSize                               = 5012193280                                {product} {ergonomic}
   size_t MinHeapDeltaBytes                        = 4194304                                   {product} {ergonomic}
   size_t MinHeapSize                              = 8388608                                   {product} {ergonomic}
    uintx NonNMethodCodeHeapSize                   = 5839372                                {pd product} {ergonomic}
    uintx NonProfiledCodeHeapSize                  = 122909434                              {pd product} {ergonomic}
    uintx ProfiledCodeHeapSize                     = 122909434                              {pd product} {ergonomic}
    uintx ReservedCodeCacheSize                    = 251658240                              {pd product} {ergonomic}
     bool SegmentedCodeCache                       = true                                      {product} {ergonomic}
     bool ShowCodeDetailsInExceptionMessages       = true                                   {manageable} {command line}
   size_t SoftMaxHeapSize                          = 8355053568                             {manageable} {ergonomic}
     bool UseCompressedClassPointers               = true                           {product lp64_product} {ergonomic}
     bool UseCompressedOops                        = true                           {product lp64_product} {ergonomic}
     bool UseG1GC                                  = true                                      {product} {ergonomic}
     bool UseLargePagesIndividualAllocation        = false                                  {pd product} {ergonomic}

Logging:
Log output configuration:
 #0: stdout all=warning uptime,level,tags
 #1: stderr all=off uptime,level,tags

Environment Variables:
JAVA_HOME=E:\Eclipse Adoptium\jdk-17.0.18.8-hotspot\
PATH=C:\Program Files\AMD\ROCm\7.1\bin;E:\Microsoft VS Code;E:\Eclipse Adoptium\jdk-17.0.18.8-hotspot\bin;C:\Program Files\Eclipse Adoptium\jdk-17.0.18.8-hotspot\bin;E:\bin;C:\Program Files (x86)\Common Files\Oracle\Java\javapath;C:\WINDOWS\system32;C:\WINDOWS;C:\WINDOWS\System32\Wbem;C:\WINDOWS\System32\WindowsPowerShell\v1.0\;C:\WINDOWS\System32\OpenSSH\;C:\Program Files\AMD\ROCm\7.1\bin;E:\Git\cmd;C:\Users\dark2\AppData\Local\Microsoft\WindowsApps;E:\Microsoft VS Code\bin
USERNAME=Admin
LANG=en_US.UTF-8
OS=Windows_NT
PROCESSOR_IDENTIFIER=AMD64 Family 25 Model 97 Stepping 2, AuthenticAMD
TMP=C:\Users\dark2\AppData\Local\Temp
TEMP=C:\Users\dark2\AppData\Local\Temp



Periodic native trim disabled


---------------  S Y S T E M  ---------------

OS:
 Windows 11 , 64 bit Build 26100 (10.0.26100.7920)
OS uptime: 1 days 1:52 hours
Hyper-V role detected

CPU: total 12 (initial active 12) (12 cores per cpu, 2 threads per core) family 25 model 97 stepping 2 microcode 0xa601206, cx8, cmov, fxsr, ht, mmx, 3dnowpref, sse, sse2, sse3, ssse3, sse4a, sse4.1, sse4.2, popcnt, lzcnt, tsc, tscinvbit, avx, avx2, aes, erms, clmul, bmi1, bmi2, adx, avx512f, avx512dq, avx512cd, avx512bw, avx512vl, sha, fma, vzeroupper, avx512_vpopcntdq, avx512_vpclmulqdq, avx512_vaes, avx512_vnni, clflush, clflushopt, avx512_vbmi2, avx512_vbmi, hv
Processor Information for all 12 processors :
  Max Mhz: 5401, Current Mhz: 5401, Mhz Limit: 5401

Memory: 4k page, system-wide physical 31863M (20957M free)
TotalPageFile size 33911M (AvailPageFile size 18023M)
current process WorkingSet (physical memory assigned to process): 72M, peak: 72M
current process commit charge ("private bytes"): 715M, peak: 715M

vm_info: OpenJDK 64-Bit Server VM (17.0.18+8) for windows-amd64 JRE (17.0.18+8), built on Jan 20 2026 22:28:22 by "admin" with MS VC++ 17.12 (VS2022)

END.
